2022-03-30 09:13:49 error: uncaughtException: тип Unable to compile TypeScript:
[96msrc/binance-server/ws-market-Public.ts[0m:[93m43[0m:[93m16[0m - [91merror[0m[90m TS2304: [0mCannot find name 'volume'.

[7m43[0m     volume = ${volume},
[7m  [0m [91m               ~~~~~~[0m

TSError: тип Unable to compile TypeScript:
[96msrc/binance-server/ws-market-Public.ts[0m:[93m43[0m:[93m16[0m - [91merror[0m[90m TS2304: [0mCannot find name 'volume'.

[7m43[0m     volume = ${volume},
[7m  [0m [91m               ~~~~~~[0m

    at createTSError (D:\user_ws\market-center\node_modules\ts-node\src\index.ts:820:12)
    at reportTSError (D:\user_ws\market-center\node_modules\ts-node\src\index.ts:824:19)
    at getOutput (D:\user_ws\market-center\node_modules\ts-node\src\index.ts:1014:36)
    at Object.compile (D:\user_ws\market-center\node_modules\ts-node\src\index.ts:1322:43)
    at Module.m._compile (D:\user_ws\market-center\node_modules\ts-node\src\index.ts:1454:30)
    at Module._extensions..js (node:internal/modules/cjs/loader:1155:10)
    at Object.require.extensions.<computed> [as .ts] (D:\user_ws\market-center\node_modules\ts-node\src\index.ts:1458:12)
    at Module.load (node:internal/modules/cjs/loader:981:32)
    at Function.Module._load (node:internal/modules/cjs/loader:822:12)
    at Module.require (node:internal/modules/cjs/loader:1005:19)
2022-03-30 09:13:53 error: uncaughtException: тип Unable to compile TypeScript:
[96msrc/binance-server/ws-market-Public.ts[0m:[93m44[0m:[93m16[0m - [91merror[0m[90m TS2304: [0mCannot find name 'volume'.

[7m44[0m     volume = ${volume},
[7m  [0m [91m               ~~~~~~[0m

TSError: тип Unable to compile TypeScript:
[96msrc/binance-server/ws-market-Public.ts[0m:[93m44[0m:[93m16[0m - [91merror[0m[90m TS2304: [0mCannot find name 'volume'.

[7m44[0m     volume = ${volume},
[7m  [0m [91m               ~~~~~~[0m

    at createTSError (D:\user_ws\market-center\node_modules\ts-node\src\index.ts:820:12)
    at reportTSError (D:\user_ws\market-center\node_modules\ts-node\src\index.ts:824:19)
    at getOutput (D:\user_ws\market-center\node_modules\ts-node\src\index.ts:1014:36)
    at Object.compile (D:\user_ws\market-center\node_modules\ts-node\src\index.ts:1322:43)
    at Module.m._compile (D:\user_ws\market-center\node_modules\ts-node\src\index.ts:1454:30)
    at Module._extensions..js (node:internal/modules/cjs/loader:1155:10)
    at Object.require.extensions.<computed> [as .ts] (D:\user_ws\market-center\node_modules\ts-node\src\index.ts:1458:12)
    at Module.load (node:internal/modules/cjs/loader:981:32)
    at Function.Module._load (node:internal/modules/cjs/loader:822:12)
    at Module.require (node:internal/modules/cjs/loader:1005:19)
2022-03-30 09:14:00 error: uncaughtException: тип Unable to compile TypeScript:
[96msrc/binance-server/ws-market-Public.ts[0m:[93m45[0m:[93m16[0m - [91merror[0m[90m TS2304: [0mCannot find name 'volume'.

[7m45[0m     volume = ${volume},
[7m  [0m [91m               ~~~~~~[0m

TSError: тип Unable to compile TypeScript:
[96msrc/binance-server/ws-market-Public.ts[0m:[93m45[0m:[93m16[0m - [91merror[0m[90m TS2304: [0mCannot find name 'volume'.

[7m45[0m     volume = ${volume},
[7m  [0m [91m               ~~~~~~[0m

    at createTSError (D:\user_ws\market-center\node_modules\ts-node\src\index.ts:820:12)
    at reportTSError (D:\user_ws\market-center\node_modules\ts-node\src\index.ts:824:19)
    at getOutput (D:\user_ws\market-center\node_modules\ts-node\src\index.ts:1014:36)
    at Object.compile (D:\user_ws\market-center\node_modules\ts-node\src\index.ts:1322:43)
    at Module.m._compile (D:\user_ws\market-center\node_modules\ts-node\src\index.ts:1454:30)
    at Module._extensions..js (node:internal/modules/cjs/loader:1155:10)
    at Object.require.extensions.<computed> [as .ts] (D:\user_ws\market-center\node_modules\ts-node\src\index.ts:1458:12)
    at Module.load (node:internal/modules/cjs/loader:981:32)
    at Function.Module._load (node:internal/modules/cjs/loader:822:12)
    at Module.require (node:internal/modules/cjs/loader:1005:19)
2022-03-30 09:14:05 error: uncaughtException: тип Unable to compile TypeScript:
[96msrc/binance-server/ws-market-Public.ts[0m:[93m47[0m:[93m16[0m - [91merror[0m[90m TS2304: [0mCannot find name 'volume'.

[7m47[0m     volume = ${volume},
[7m  [0m [91m               ~~~~~~[0m

TSError: тип Unable to compile TypeScript:
[96msrc/binance-server/ws-market-Public.ts[0m:[93m47[0m:[93m16[0m - [91merror[0m[90m TS2304: [0mCannot find name 'volume'.

[7m47[0m     volume = ${volume},
[7m  [0m [91m               ~~~~~~[0m

    at createTSError (D:\user_ws\market-center\node_modules\ts-node\src\index.ts:820:12)
    at reportTSError (D:\user_ws\market-center\node_modules\ts-node\src\index.ts:824:19)
    at getOutput (D:\user_ws\market-center\node_modules\ts-node\src\index.ts:1014:36)
    at Object.compile (D:\user_ws\market-center\node_modules\ts-node\src\index.ts:1322:43)
    at Module.m._compile (D:\user_ws\market-center\node_modules\ts-node\src\index.ts:1454:30)
    at Module._extensions..js (node:internal/modules/cjs/loader:1155:10)
    at Object.require.extensions.<computed> [as .ts] (D:\user_ws\market-center\node_modules\ts-node\src\index.ts:1458:12)
    at Module.load (node:internal/modules/cjs/loader:981:32)
    at Function.Module._load (node:internal/modules/cjs/loader:822:12)
    at Module.require (node:internal/modules/cjs/loader:1005:19)
2022-03-30 09:14:09 error: uncaughtException: тип Unable to compile TypeScript:
[96msrc/binance-server/ws-market-Public.ts[0m:[93m47[0m:[93m16[0m - [91merror[0m[90m TS2304: [0mCannot find name 'volume'.

[7m47[0m     volume = ${volume},
[7m  [0m [91m               ~~~~~~[0m

TSError: тип Unable to compile TypeScript:
[96msrc/binance-server/ws-market-Public.ts[0m:[93m47[0m:[93m16[0m - [91merror[0m[90m TS2304: [0mCannot find name 'volume'.

[7m47[0m     volume = ${volume},
[7m  [0m [91m               ~~~~~~[0m

    at createTSError (D:\user_ws\market-center\node_modules\ts-node\src\index.ts:820:12)
    at reportTSError (D:\user_ws\market-center\node_modules\ts-node\src\index.ts:824:19)
    at getOutput (D:\user_ws\market-center\node_modules\ts-node\src\index.ts:1014:36)
    at Object.compile (D:\user_ws\market-center\node_modules\ts-node\src\index.ts:1322:43)
    at Module.m._compile (D:\user_ws\market-center\node_modules\ts-node\src\index.ts:1454:30)
    at Module._extensions..js (node:internal/modules/cjs/loader:1155:10)
    at Object.require.extensions.<computed> [as .ts] (D:\user_ws\market-center\node_modules\ts-node\src\index.ts:1458:12)
    at Module.load (node:internal/modules/cjs/loader:981:32)
    at Function.Module._load (node:internal/modules/cjs/loader:822:12)
    at Module.require (node:internal/modules/cjs/loader:1005:19)
